2023-05-16 13:22:59,863 [Worker-2: Loading available Gradle versions] INFO  o.e.b.c.i.u.g.PublishedGradleVersions - Gradle version information cache is out-of-date. Trying to update.
2023-05-16 13:23:41,985 [Worker-2: Importing Maven projects] INFO  o.e.m.c.i.l.LifecycleMappingFactory - Using org.maven.ide.eclipse.wtp.WarLifecycleMapping lifecycle mapping for MavenProject: com.nagarro:tshritkart:0.0.1-SNAPSHOT @ C:\Users\shrutijain03\Desktop\Assignment copy\Assignment_Spring_Week4\pom.xml.
2023-05-16 13:23:49,198 [Worker-2: Importing Maven projects] WARN  o.e.m.c.i.embedder.EclipseLogger - Using platform encoding (Cp1252 actually) to copy filtered resources, i.e. build is platform dependent!
2023-05-16 13:23:49,207 [Worker-2: Importing Maven projects] INFO  o.e.m.c.i.embedder.EclipseLogger - Copying 3 resources
2023-05-16 13:23:49,406 [Worker-2: Importing Maven projects] WARN  o.e.m.c.i.embedder.EclipseLogger - Using platform encoding (Cp1252 actually) to copy filtered resources, i.e. build is platform dependent!
2023-05-16 13:23:49,408 [Worker-2: Importing Maven projects] INFO  o.e.m.c.i.embedder.EclipseLogger - skip non existing resourceDirectory C:\Users\shrutijain03\Desktop\Assignment copy\Assignment_Spring_Week4\src\test\resources
2023-05-16 13:23:52,794 [Worker-2: Importing Maven projects] INFO  o.e.m.j.i.AbstractJavaProjectConfigurator - Adding source folder /Assignment_Spring_Week4/src/main/java
2023-05-16 13:23:52,796 [Worker-2: Importing Maven projects] INFO  o.e.m.j.i.AbstractJavaProjectConfigurator - Adding resource folder /Assignment_Spring_Week4/src/main/resources
2023-05-16 13:23:52,798 [Worker-2: Importing Maven projects] INFO  o.e.m.j.i.AbstractJavaProjectConfigurator - Adding source folder /Assignment_Spring_Week4/src/test/java
2023-05-16 13:23:54,380 [Worker-2: Importing Maven projects] WARN  o.e.m.c.i.embedder.EclipseLogger - Using platform encoding (Cp1252 actually) to copy filtered resources, i.e. build is platform dependent!
2023-05-16 13:23:54,392 [Worker-2: Importing Maven projects] INFO  o.e.m.c.i.embedder.EclipseLogger - Copying 3 resources
2023-05-16 13:23:54,441 [Worker-2: Importing Maven projects] WARN  o.e.m.c.i.embedder.EclipseLogger - Using platform encoding (Cp1252 actually) to copy filtered resources, i.e. build is platform dependent!
2023-05-16 13:23:54,443 [Worker-2: Importing Maven projects] INFO  o.e.m.c.i.embedder.EclipseLogger - skip non existing resourceDirectory C:\Users\shrutijain03\Desktop\Assignment copy\Assignment_Spring_Week4\src\test\resources
2023-05-16 13:23:54,448 [Worker-2: Importing Maven projects] INFO  o.e.m.w.i.f.ResourceFilteringBuildParticipant - Changed resources require a complete clean of filtered resources of Assignment_Spring_Week4
2023-05-16 13:23:54,451 [Worker-2: Importing Maven projects] INFO  o.e.m.w.i.f.ResourceFilteringBuildParticipant - Executing resource filtering for Assignment_Spring_Week4
2023-05-16 13:23:54,475 [Worker-2: Importing Maven projects] WARN  o.e.m.c.i.embedder.EclipseLogger - Using platform encoding (Cp1252 actually) to copy filtered resources, i.e. build is platform dependent!
2023-05-16 13:23:57,014 [Worker-2: Importing Maven projects] INFO  o.e.m.c.i.p.ProjectConfigurationManager - Imported and configured 1 project(s) in 26 sec
2023-05-16 13:23:57,490 [Worker-7: Building Project Assignment_Spring_Week4] WARN  o.e.m.c.i.embedder.EclipseLogger - Using platform encoding (Cp1252 actually) to copy filtered resources, i.e. build is platform dependent!
2023-05-16 13:23:57,496 [Worker-7: Building Project Assignment_Spring_Week4] INFO  o.e.m.c.i.embedder.EclipseLogger - Copying 3 resources
2023-05-16 13:23:57,525 [Worker-7: Building Project Assignment_Spring_Week4] WARN  o.e.m.c.i.embedder.EclipseLogger - Using platform encoding (Cp1252 actually) to copy filtered resources, i.e. build is platform dependent!
2023-05-16 13:23:57,526 [Worker-7: Building Project Assignment_Spring_Week4] INFO  o.e.m.c.i.embedder.EclipseLogger - skip non existing resourceDirectory C:\Users\shrutijain03\Desktop\Assignment copy\Assignment_Spring_Week4\src\test\resources
2023-05-16 13:26:09,222 [Worker-40: Building] WARN  o.e.m.c.i.embedder.EclipseLogger - Using platform encoding (Cp1252 actually) to copy filtered resources, i.e. build is platform dependent!
2023-05-16 13:26:09,225 [Worker-40: Building] INFO  o.e.m.c.i.embedder.EclipseLogger - Copying 3 resources
2023-05-16 13:26:09,235 [Worker-40: Building] WARN  o.e.m.c.i.embedder.EclipseLogger - Using platform encoding (Cp1252 actually) to copy filtered resources, i.e. build is platform dependent!
2023-05-16 13:26:09,236 [Worker-40: Building] INFO  o.e.m.c.i.embedder.EclipseLogger - skip non existing resourceDirectory C:\Users\shrutijain03\Desktop\Assignment copy\Assignment_Spring_Week4\src\test\resources
2023-05-16 13:26:20,440 [Worker-37: Building] WARN  o.e.m.c.i.embedder.EclipseLogger - Using platform encoding (Cp1252 actually) to copy filtered resources, i.e. build is platform dependent!
2023-05-16 13:26:20,443 [Worker-37: Building] INFO  o.e.m.c.i.embedder.EclipseLogger - Copying 0 resource
2023-05-16 13:26:20,445 [Worker-37: Building] WARN  o.e.m.c.i.embedder.EclipseLogger - Using platform encoding (Cp1252 actually) to copy filtered resources, i.e. build is platform dependent!
2023-05-16 13:26:20,446 [Worker-37: Building] INFO  o.e.m.c.i.embedder.EclipseLogger - skip non existing resourceDirectory C:\Users\shrutijain03\Desktop\Assignment copy\Assignment_Spring_Week4\src\test\resources
2023-05-16 13:26:31,229 [Worker-16: Building] WARN  o.e.m.c.i.embedder.EclipseLogger - Using platform encoding (Cp1252 actually) to copy filtered resources, i.e. build is platform dependent!
2023-05-16 13:26:31,231 [Worker-16: Building] INFO  o.e.m.c.i.embedder.EclipseLogger - Copying 3 resources
2023-05-16 13:26:31,266 [Worker-16: Building] WARN  o.e.m.c.i.embedder.EclipseLogger - Using platform encoding (Cp1252 actually) to copy filtered resources, i.e. build is platform dependent!
2023-05-16 13:26:31,268 [Worker-16: Building] INFO  o.e.m.c.i.embedder.EclipseLogger - skip non existing resourceDirectory C:\Users\shrutijain03\Desktop\Assignment copy\Assignment_Spring_Week4\src\test\resources
2023-05-16 13:31:23,714 [Worker-30: Building] WARN  o.e.m.c.i.embedder.EclipseLogger - Using platform encoding (Cp1252 actually) to copy filtered resources, i.e. build is platform dependent!
2023-05-16 13:31:23,715 [Worker-30: Building] INFO  o.e.m.c.i.embedder.EclipseLogger - Copying 0 resource
2023-05-16 13:31:23,716 [Worker-30: Building] WARN  o.e.m.c.i.embedder.EclipseLogger - Using platform encoding (Cp1252 actually) to copy filtered resources, i.e. build is platform dependent!
2023-05-16 13:31:23,718 [Worker-30: Building] INFO  o.e.m.c.i.embedder.EclipseLogger - skip non existing resourceDirectory C:\Users\shrutijain03\Desktop\Assignment copy\Assignment_Spring_Week4\src\test\resources
2023-05-16 14:50:59,147 [Worker-53: Building] WARN  o.e.m.c.i.embedder.EclipseLogger - Using platform encoding (Cp1252 actually) to copy filtered resources, i.e. build is platform dependent!
2023-05-16 14:50:59,151 [Worker-53: Building] INFO  o.e.m.c.i.embedder.EclipseLogger - Copying 3 resources
2023-05-16 14:50:59,154 [Worker-53: Building] WARN  o.e.m.c.i.embedder.EclipseLogger - Using platform encoding (Cp1252 actually) to copy filtered resources, i.e. build is platform dependent!
2023-05-16 14:50:59,154 [Worker-53: Building] INFO  o.e.m.c.i.embedder.EclipseLogger - skip non existing resourceDirectory C:\Users\shrutijain03\Desktop\Assignment copy\Assignment_Spring_Week4\src\test\resources
2023-05-16 15:21:06,864 [Worker-0: Loading available Gradle versions] INFO  o.e.b.c.i.u.g.PublishedGradleVersions - Gradle version information cache is up-to-date. Trying to read.
2023-05-16 15:30:08,402 [Worker-34: Building] WARN  o.e.m.c.i.embedder.EclipseLogger - Using platform encoding (Cp1252 actually) to copy filtered resources, i.e. build is platform dependent!
2023-05-16 15:30:08,569 [Worker-34: Building] INFO  o.e.m.c.i.embedder.EclipseLogger - Copying 3 resources
2023-05-16 15:30:08,582 [Worker-34: Building] WARN  o.e.m.c.i.embedder.EclipseLogger - Using platform encoding (Cp1252 actually) to copy filtered resources, i.e. build is platform dependent!
2023-05-16 15:30:08,584 [Worker-34: Building] INFO  o.e.m.c.i.embedder.EclipseLogger - skip non existing resourceDirectory C:\Users\shrutijain03\Desktop\Assignment copy\Assignment_Spring_Week4\src\test\resources
